<?xml version="1.0" encoding="UTF-8"?>
<!-- Generated by org.testng.reporters.JUnitReportReporter -->
<testsuite skipped="0" hostname="QSP-028" name="Little_App_Scripts.Test_HomePage" tests="1" failures="0" timestamp="01 Mar 2018 10:02:22 GMT" time="91.346" errors="0">
  <testcase name="testhomepage" time="91.346" classname="Little_App_Scripts.Test_HomePage"/>
</testsuite> <!-- Little_App_Scripts.Test_HomePage -->
