<?xml version="1.0" encoding="UTF-8"?>
<!-- Generated by org.testng.reporters.JUnitReportReporter -->
<testsuite skipped="0" hostname="QSP-028" name="Little_App_Scripts.Test1" tests="1" failures="0" timestamp="27 Feb 2018 08:42:38 GMT" time="37.170" errors="0">
  <testcase name="testonce" time="37.170" classname="Little_App_Scripts.Test1"/>
</testsuite> <!-- Little_App_Scripts.Test1 -->
